Scenario calculated at 2021-08-04 06:11:19 GMT
Project name: lab1
Run name: mentawai
Run number: 000001
Velocity model: mentawai.mod
No. of KL modes: 72
Hurst exponent: 0.4
Corr. length used Lstrike: 72.33 km
Corr. length used Ldip: 21.08 km
Slip std. dev.: 0.900 km
Maximum length Lmax: 189.03 km
Maximum width Wmax: 42.01 km
Effective length Leff: 160.67 km
Effective width Weff: 35.70 km
Target magnitude: Mw 8.5000
Actual magnitude: Mw 8.4731
Hypocenter (lon,lat,z[km]): (100.362251,-3.797254,21.00)
Hypocenter time: 2010-10-25T14:42:12.000000Z
Centroid (lon,lat,z[km]): (100.304852,-3.641587,21.70)
Source time function type: dreger
Average Risetime (s): 2.48
Average Rupture Velocity (km/s): 13.12