Scenario calculated at 2021-08-04 15:45:33 GMT
Project name: lab3
Run name: mentawai
Run number: 000003
Velocity model: mentawai.mod
No. of KL modes: 72
Hurst exponent: 0.4
Corr. length used Lstrike: 96.61 km
Corr. length used Ldip: 30.60 km
Slip std. dev.: 0.900 km
Maximum length Lmax: 273.04 km
Maximum width Wmax: 70.00 km
Effective length Leff: 232.08 km
Effective width Weff: 59.50 km
Target magnitude: Mw 8.5000
Actual magnitude: Mw 8.5274
Hypocenter (lon,lat,z[km]): (100.355271,-3.254528,25.87)
Hypocenter time: 2010-10-25T14:42:12.000000Z
Centroid (lon,lat,z[km]): (100.035557,-3.395914,20.54)
Source time function type: dreger
Average Risetime (s): 5.91
Average Rupture Velocity (km/s): 4.75