Scenario calculated at 2021-08-04 15:45:25 GMT
Project name: lab3
Run name: mentawai
Run number: 000001
Velocity model: mentawai.mod
No. of KL modes: 72
Hurst exponent: 0.4
Corr. length used Lstrike: 29.84 km
Corr. length used Ldip: 21.08 km
Slip std. dev.: 0.900 km
Maximum length Lmax: 42.01 km
Maximum width Wmax: 42.00 km
Effective length Leff: 35.71 km
Effective width Weff: 35.70 km
Target magnitude: Mw 7.5000
Actual magnitude: Mw 7.5474
Hypocenter (lon,lat,z[km]): (100.288150,-3.694842,21.00)
Hypocenter time: 2010-10-25T14:42:12.000000Z
Centroid (lon,lat,z[km]): (100.426217,-3.632868,23.31)
Source time function type: dreger
Average Risetime (s): 0.24
Average Rupture Velocity (km/s): nan