Scenario calculated at 2021-08-04 15:45:26 GMT
Project name: lab3
Run name: mentawai
Run number: 000000
Velocity model: mentawai.mod
No. of KL modes: 72
Hurst exponent: 0.4
Corr. length used Lstrike: 50.07 km
Corr. length used Ldip: 11.56 km
Slip std. dev.: 0.900 km
Maximum length Lmax: 112.00 km
Maximum width Wmax: 14.00 km
Effective length Leff: 95.20 km
Effective width Weff: 11.90 km
Target magnitude: Mw 7.5000
Actual magnitude: Mw 7.5451
Hypocenter (lon,lat,z[km]): (99.924622,-3.725421,16.13)
Hypocenter time: 2010-10-25T14:42:12.000000Z
Centroid (lon,lat,z[km]): (99.972557,-3.811681,15.95)
Source time function type: dreger
Average Risetime (s): 0.25
Average Rupture Velocity (km/s): 12.69