Scenario calculated at 2021-08-04 06:49:09 GMT
Project name: lab2
Run name: mentawai
Run number: 000001
Velocity model: mentawai.mod
No. of KL modes: 72
Hurst exponent: 0.4
Corr. length used Lstrike: 50.08 km
Corr. length used Ldip: 30.60 km
Slip std. dev.: 0.900 km
Maximum length Lmax: 112.04 km
Maximum width Wmax: 70.00 km
Effective length Leff: 95.23 km
Effective width Weff: 59.50 km
Target magnitude: Mw 8.0000
Actual magnitude: Mw 8.0000
Hypocenter (lon,lat,z[km]): (100.857727,-4.374691,21.97)
Hypocenter time: 2010-10-25T14:42:12.000000Z
Centroid (lon,lat,z[km]): (100.519841,-3.521385,25.51)
Source time function type: dreger
Average Risetime (s): 1.48
Average Rupture Velocity (km/s): nan