Scenario calculated at 2021-08-04 06:49:06 GMT
Project name: lab2
Run name: mentawai
Run number: 000000
Velocity model: mentawai.mod
No. of KL modes: 72
Hurst exponent: 0.4
Corr. length used Lstrike: 78.39 km
Corr. length used Ldip: 16.32 km
Slip std. dev.: 0.900 km
Maximum length Lmax: 210.00 km
Maximum width Wmax: 28.00 km
Effective length Leff: 178.50 km
Effective width Weff: 23.80 km
Target magnitude: Mw 8.0000
Actual magnitude: Mw 8.0000
Hypocenter (lon,lat,z[km]): (100.857727,-4.374691,21.97)
Hypocenter time: 2010-10-25T14:42:12.000000Z
Centroid (lon,lat,z[km]): (99.462164,-3.382565,13.41)
Source time function type: dreger
Average Risetime (s): 1.25
Average Rupture Velocity (km/s): 11.44