Scenario calculated at 2021-07-08 03:02:07 GMT
Project name: unavco_test
Run name: mentawai
Run number: 000000
Velocity model: mentawai.mod
No. of KL modes: 72
Hurst exponent: 0.4
Corr. length used Lstrike: 66.25 km
Corr. length used Ldip: 32.98 km
Slip std. dev.: 0.900 km
Maximum length Lmax: 168.01 km
Maximum width Wmax: 77.00 km
Effective length Leff: 142.81 km
Effective width Weff: 65.45 km
Target magnitude: Mw 8.5000
Actual magnitude: Mw 8.3495
Hypocenter (lon,lat,z[km]): (100.039051,-3.563688,19.05)
Hypocenter time: 2010-10-25T14:42:12.000000Z
Centroid (lon,lat,z[km]): (99.887920,-3.456972,18.11)
Source time function type: dreger